android/app/build/outputs/mapping/release/seeds.txt
com.example.colorful_trash_game.MainActivity
com.example.colorful_trash_game.MainActivity: MainActivity()
...
io.flutter.embedding.engine.FlutterJNI: void nativeDispatchPointerDataPacket(long,java.nio.ByteBuffer,int)
com.google.android.gms.dynamite.descriptors.com.google.android.gms.measurement.dynamite.ModuleDescriptor: ModuleDescriptor()
com.google.firebase.installations.remote.InstallationResponse$ResponseCode: com.google.firebase.installations.remote.InstallationResponse$ResponseCode[] values()
androidx.window.area.reflectionguard.WindowAreaComponentApi3Requirements: void endRearDisplayPresentationSession()
androidx.appcompat.widget.SwitchCompat: void setTrackDrawable(android.graphics.drawable.Drawable)
androidx.datastore.preferences.protobuf.FieldType$Collection: androidx.datastore.preferences.protobuf.FieldType$Collection valueOf(java.lang.String)
com.google.android.gms.measurement.internal.AppMeasurementDynamiteService: void onActivityStopped(com.google.android.gms.dynamic.IObjectWrapper,long)
androidx.preference.internal.PreferenceImageView: int getMaxHeight()
com.google.android.gms.internal.measurement.zzjq: com.google.android.gms.internal.measurement.zzjq[] values()
androidx.appcompat.widget.DialogTitle: DialogTitle(android.content.Context,android.util.AttributeSet)
androidx.core.app.AppOpsManagerCompat$Api29Impl: android.app.AppOpsManager getSystemService(android.content.Context)
androidx.appcompat.widget.Toolbar: void setNavigationContentDescription(int)
androidx.appcompat.widget.Toolbar: android.graphics.drawable.Drawable getCollapseIcon()
androidx.recyclerview.widget.RecyclerView: androidx.recyclerview.widget.RecyclerView$OnFlingListener getOnFlingListener()
androidx.vectordrawable.graphics.drawable.VectorDrawableCompat$VFullPath: void setFillAlpha(float)
androidx.appcompat.widget.SearchView: SearchView(android.content.Context,android.util.AttributeSet,int)
androidx.media3.exoplayer.audio.AudioCapabilities$Api33: androidx.media3.exoplayer.audio.AudioDeviceInfoApi23 getDefaultRoutedDeviceForAttributes(android.media.AudioManager,androidx.media3.common.AudioAttributes)
androidx.appcompat.widget.AppCompatAutoCompleteTextView: void setDropDownBackgroundResource(int)
io.flutter.view.TextureRegistry$SurfaceProducer: int getWidth()
io.flutter.embedding.engine.FlutterJNI: void nativeSetViewportMetrics(long,float,int,int,int,int,int,int,int,int,int,int,int,int,int,int,int,int[],int[],int[])
androidx.appcompat.widget.Toolbar: void setContentInsetEndWithActions(int)
androidx.appcompat.widget.SwitchCompat: boolean getShowText()
androidx.privacysandbox.ads.adservices.java.measurement.MeasurementManagerFutures$Api33Ext5JavaImpl: com.google.common.util.concurrent.ListenableFuture registerWebTriggerAsync(androidx.privacysandbox.ads.adservices.measurement.WebTriggerRegistrationRequest)
androidx.media3.exoplayer.audio.AudioCapabilities$Api33: androidx.media3.exoplayer.audio.AudioCapabilities getCapabilitiesInternalForDirectPlayback(android.media.AudioManager,androidx.media3.common.AudioAttributes)
androidx.lifecycle.LifecycleDispatcher$DispatcherActivityCallback: void onActivityCreated(android.app.Activity,android.os.Bundle)
androidx.core.view.WindowInsetsCompat$Impl20: void copyWindowDataInto(androidx.core.view.WindowInsetsCompat)
androidx.core.widget.PopupWindowCompat$Api23Impl: int getWindowLayoutType(android.widget.PopupWindow)
androidx.window.layout.adapter.sidecar.SidecarCompat$TranslatingCallback: void onWindowLayoutChanged(android.os.IBinder,androidx.window.sidecar.SidecarWindowLayoutInfo)
androidx.appcompat.widget.SwitchCompat: void setShowText(boolean)
androidx.appcompat.widget.Toolbar: void setLogoDescription(int)
kotlinx.coroutines.selects.TrySelectDetailedResult: kotlinx.coroutines.selects.TrySelectDetailedResult valueOf(java.lang.String)
androidx.appcompat.widget.AppCompatImageButton: void setImageURI(android.net.Uri)
androidx.appcompat.widget.SwitchCompat: void setChecked(boolean)