android/app/build/outputs/mapping/release/usage.txt
com.example.colorful_trash_game.R$drawable
com.example.colorful_trash_game.R$mipmap
com.example.colorful_trash_game.R$style
com.example.colorful_trash_game.R
...
androidx.media3.exoplayer.upstream.DefaultBandwidthMeter$1
androidx.media3.exoplayer.upstream.DefaultBandwidthMeter$Builder:
    public static androidx.media3.exoplayer.upstream.DefaultBandwidthMeter build()
androidx.media3.exoplayer.upstream.DefaultBandwidthMeter:
    public int networkTypeOverride
    public boolean networkTypeOverrideSet
    public final void addEventListener()
    public final synchronized long getBitrateEstimate()
    public final synthetic long getTimeToFirstByteEstimateUs()
    public final androidx.media3.datasource.TransferListener getTransferListener()
    public static boolean isTransferAtFullNetworkSpeed(androidx.media3.datasource.DataSpec,boolean)
    public final synchronized void onBytesTransferred()
    public final synchronized void onNetworkTypeChanged()
    public final synchronized void onTransferEnd()
    public final void onTransferInitializing()
    public final synchronized void onTransferStart()
    public final void removeEventListener()
androidx.media3.exoplayer.upstream.DefaultLoadErrorHandlingPolicy:
    public final int minimumLoadableRetryCount
    public void <init>()
    public static boolean isEligibleForFallback()
    public static void onLoadTaskConcluded()
androidx.media3.exoplayer.upstream.LoadErrorHandlingPolicy$-CC
androidx.media3.exoplayer.upstream.LoadErrorHandlingPolicy$LoadErrorInfo:
    public final androidx.media3.exoplayer.source.LoadEventInfo loadEventInfo
    public final androidx.media3.exoplayer.source.MediaLoadData mediaLoadData
androidx.media3.exoplayer.upstream.LoadErrorHandlingPolicy
androidx.media3.exoplayer.upstream.Loader$1
androidx.media3.exoplayer.upstream.Loader$LoadTask:
    public final void execute()
    public final void finish()
    public static long getRetryDelayMillis()
    public static void maybeThrowError()
    public final void start(long)
androidx.media3.exoplayer.upstream.Loader:
    public static final androidx.media3.exoplayer.upstream.Loader$LoadErrorAction RETRY_RESET_ERROR_COUNT
    public static void clearFatalError()
    public static androidx.media3.exoplayer.upstream.Loader$LoadErrorAction createRetryAction(boolean,long)
    public final void maybeThrowError(int)
    public static void release()
androidx.media3.exoplayer.upstream.ParsingLoadable:
    public final long bytesLoaded()
    public final java.util.Map getResponseHeaders()
    public static java.lang.Object getResult()
    public final android.net.Uri getUri()
androidx.media3.exoplayer.upstream.SlidingPercentile$1
androidx.media3.exoplayer.upstream.SlidingPercentile:
    public static void ensureSortedByIndex()
    public static void ensureSortedByValue()
    public static void reset()
androidx.media3.exoplayer.util.SntpClient$1
androidx.media3.exoplayer.util.SntpClient$InitializationCallback
androidx.media3.exoplayer.util.SntpClient:
    public static java.lang.String ntpHost
    public static synthetic java.lang.Object access$100()
    public static synthetic java.lang.Object access$200()
    public static boolean isInitialized()
androidx.media3.exoplayer.video.CompositingVideoSinkProvider$$InternalSyntheticLambda$8$1301408cc1dc7cf6ec2d72f3733e226a3985723907a0bc56382413fc6d388927$0
androidx.media3.exoplayer.video.CompositingVideoSinkProvider$1
androidx.media3.exoplayer.video.CompositingVideoSinkProvider$Builder:
    public static androidx.media3.exoplayer.video.CompositingVideoSinkProvider build()
    public static androidx.media3.exoplayer.video.CompositingVideoSinkProvider$Builder setClock()
androidx.media3.exoplayer.video.CompositingVideoSinkProvider$FrameRendererImpl$$InternalSyntheticThrowCCEIfNotNull$44$e4df6c4be7b298632625080a15dc5650cc591e0ef5f071806974013a6f160350$0
androidx.media3.exoplayer.video.CompositingVideoSinkProvider$FrameRendererImpl$$InternalSyntheticThrowCCEIfNotNull$44$f1c994fa4a718d8d6201dfa1008babc3b88bad916db8a1987006ba8aff8b78a0$0